# JRE version: OpenJDK Runtime Environment (7.0_121) (build 1.7.0_121-b00)
# Java VM: OpenJDK 64-Bit Server VM (24.121-b00 mixed mode linux-amd64 compressed oops)
Heap
 PSYoungGen      total 1049088K, used 442368K [0x0000000780000000, 0x00000007ec000000, 0x0000000800000000)
  eden space 442368K, 100% used [0x0000000780000000,0x000000079b000000,0x000000079b000000)
  from space 606720K, 0% used [0x00000007c6f80000,0x00000007c6f80000,0x00000007ec000000)
  to   space 663552K, 0% used [0x000000079b000000,0x000000079b000000,0x00000007c3800000)
 ParOldGen       total 4194304K, used 4194282K [0x0000000680000000, 0x0000000780000000, 0x0000000780000000)
  object space 4194304K, 99% used [0x0000000680000000,0x000000077fffa9c8,0x0000000780000000)
 PSPermGen       total 21504K, used 2942K [0x0000000675a00000, 0x0000000676f00000, 0x0000000680000000)
  object space 21504K, 13% used [0x0000000675a00000,0x0000000675cdfbd0,0x0000000676f00000)
GC Heap History (10 events):
Event: 2651.349 GC heap after
Heap after GC invocations=132 (full 108):
 PSYoungGen      total 1049088K, used 442368K [0x0000000780000000, 0x00000007ec000000, 0x0000000800000000)
  eden space 442368K, 100% used [0x0000000780000000,0x000000079b000000,0x000000079b000000)
  from space 606720K, 0% used [0x00000007c6f80000,0x00000007c6f80000,0x00000007ec000000)
  to   space 663552K, 0% used [0x000000079b000000,0x000000079b000000,0x00000007c3800000)
 ParOldGen       total 4194304K, used 4194271K [0x0000000680000000, 0x0000000780000000, 0x0000000780000000)
  object space 4194304K, 99% used [0x0000000680000000,0x000000077fff7d18,0x0000000780000000)
 PSPermGen       total 21504K, used 2942K [0x0000000675a00000, 0x0000000676f00000, 0x0000000680000000)
  object space 21504K, 13% used [0x0000000675a00000,0x0000000675cdfbd0,0x0000000676f00000)
}
Event: 2651.349 GC heap before
{Heap before GC invocations=133 (full 109):
 PSYoungGen      total 1049088K, used 442368K [0x0000000780000000, 0x00000007ec000000, 0x0000000800000000)
  eden space 442368K, 100% used [0x0000000780000000,0x000000079b000000,0x000000079b000000)
  from space 606720K, 0% used [0x00000007c6f80000,0x00000007c6f80000,0x00000007ec000000)
  to   space 663552K, 0% used [0x000000079b000000,0x000000079b000000,0x00000007c3800000)
 ParOldGen       total 4194304K, used 4194273K [0x0000000680000000, 0x0000000780000000, 0x0000000780000000)
  object space 4194304K, 99% used [0x0000000680000000,0x000000077fff8608,0x0000000780000000)
 PSPermGen       total 21504K, used 2942K [0x0000000675a00000, 0x0000000676f00000, 0x0000000680000000)
  object space 21504K, 13% used [0x0000000675a00000,0x0000000675cdfbd0,0x0000000676f00000)
Event: 2676.710 GC heap after
Heap after GC invocations=133 (full 109):
 PSYoungGen      total 1049088K, used 442368K [0x0000000780000000, 0x00000007ec000000, 0x0000000800000000)
  eden space 442368K, 100% used [0x0000000780000000,0x000000079b000000,0x000000079b000000)
  from space 606720K, 0% used [0x00000007c6f80000,0x00000007c6f80000,0x00000007ec000000)
  to   space 663552K, 0% used [0x000000079b000000,0x000000079b000000,0x00000007c3800000)
 ParOldGen       total 4194304K, used 4194273K [0x0000000680000000, 0x0000000780000000, 0x0000000780000000)
  object space 4194304K, 99% used [0x0000000680000000,0x000000077fff8608,0x0000000780000000)
 PSPermGen       total 21504K, used 2942K [0x0000000675a00000, 0x0000000676f00000, 0x0000000680000000)
  object space 21504K, 13% used [0x0000000675a00000,0x0000000675cdfbd0,0x0000000676f00000)
}
Event: 2676.711 GC heap before
{Heap before GC invocations=134 (full 110):
 PSYoungGen      total 1049088K, used 442368K [0x0000000780000000, 0x00000007ec000000, 0x0000000800000000)
  eden space 442368K, 100% used [0x0000000780000000,0x000000079b000000,0x000000079b000000)
  from space 606720K, 0% used [0x00000007c6f80000,0x00000007c6f80000,0x00000007ec000000)
  to   space 663552K, 0% used [0x000000079b000000,0x000000079b000000,0x00000007c3800000)
 ParOldGen       total 4194304K, used 4194275K [0x0000000680000000, 0x0000000780000000, 0x0000000780000000)
  object space 4194304K, 99% used [0x0000000680000000,0x000000077fff8ef8,0x0000000780000000)
 PSPermGen       total 21504K, used 2942K [0x0000000675a00000, 0x0000000676f00000, 0x0000000680000000)
  object space 21504K, 13% used [0x0000000675a00000,0x0000000675cdfbd0,0x0000000676f00000)
Event: 2701.784 GC heap after
Heap after GC invocations=134 (full 110):
 PSYoungGen      total 1049088K, used 442368K [0x0000000780000000, 0x00000007ec000000, 0x0000000800000000)
  eden space 442368K, 100% used [0x0000000780000000,0x000000079b000000,0x000000079b000000)
  from space 606720K, 0% used [0x00000007c6f80000,0x00000007c6f80000,0x00000007ec000000)
  to   space 663552K, 0% used [0x000000079b000000,0x000000079b000000,0x00000007c3800000)
 ParOldGen       total 4194304K, used 4194275K [0x0000000680000000, 0x0000000780000000, 0x0000000780000000)
  object space 4194304K, 99% used [0x0000000680000000,0x000000077fff8ef8,0x0000000780000000)
 PSPermGen       total 21504K, used 2942K [0x0000000675a00000, 0x0000000676f00000, 0x0000000680000000)
  object space 21504K, 13% used [0x0000000675a00000,0x0000000675cdfbd0,0x0000000676f00000)
}
Event: 2701.784 GC heap before
{Heap before GC invocations=135 (full 111):
 PSYoungGen      total 1049088K, used 442368K [0x0000000780000000, 0x00000007ec000000, 0x0000000800000000)
  eden space 442368K, 100% used [0x0000000780000000,0x000000079b000000,0x000000079b000000)
  from space 606720K, 0% used [0x00000007c6f80000,0x00000007c6f80000,0x00000007ec000000)
  to   space 663552K, 0% used [0x000000079b000000,0x000000079b000000,0x00000007c3800000)
 ParOldGen       total 4194304K, used 4194277K [0x0000000680000000, 0x0000000780000000, 0x0000000780000000)
  object space 4194304K, 99% used [0x0000000680000000,0x000000077fff97e8,0x0000000780000000)
 PSPermGen       total 21504K, used 2942K [0x0000000675a00000, 0x0000000676f00000, 0x0000000680000000)
  object space 21504K, 13% used [0x0000000675a00000,0x0000000675cdfbd0,0x0000000676f00000)
Event: 2727.520 GC heap after
Heap after GC invocations=135 (full 111):
 PSYoungGen      total 1049088K, used 442368K [0x0000000780000000, 0x00000007ec000000, 0x0000000800000000)
  eden space 442368K, 100% used [0x0000000780000000,0x000000079b000000,0x000000079b000000)
  from space 606720K, 0% used [0x00000007c6f80000,0x00000007c6f80000,0x00000007ec000000)
  to   space 663552K, 0% used [0x000000079b000000,0x000000079b000000,0x00000007c3800000)
 ParOldGen       total 4194304K, used 4194277K [0x0000000680000000, 0x0000000780000000, 0x0000000780000000)
  object space 4194304K, 99% used [0x0000000680000000,0x000000077fff97e8,0x0000000780000000)
 PSPermGen       total 21504K, used 2942K [0x0000000675a00000, 0x0000000676f00000, 0x0000000680000000)
  object space 21504K, 13% used [0x0000000675a00000,0x0000000675cdfbd0,0x0000000676f00000)
}
Event: 2727.520 GC heap before
{Heap before GC invocations=136 (full 112):
 PSYoungGen      total 1049088K, used 442368K [0x0000000780000000, 0x00000007ec000000, 0x0000000800000000)
  eden space 442368K, 100% used [0x0000000780000000,0x000000079b000000,0x000000079b000000)
  from space 606720K, 0% used [0x00000007c6f80000,0x00000007c6f80000,0x00000007ec000000)
  to   space 663552K, 0% used [0x000000079b000000,0x000000079b000000,0x00000007c3800000)
 ParOldGen       total 4194304K, used 4194280K [0x0000000680000000, 0x0000000780000000, 0x0000000780000000)
  object space 4194304K, 99% used [0x0000000680000000,0x000000077fffa0d8,0x0000000780000000)
 PSPermGen       total 21504K, used 2942K [0x0000000675a00000, 0x0000000676f00000, 0x0000000680000000)
  object space 21504K, 13% used [0x0000000675a00000,0x0000000675cdfbd0,0x0000000676f00000)
Event: 2752.732 GC heap after
Heap after GC invocations=136 (full 112):
 PSYoungGen      total 1049088K, used 442368K [0x0000000780000000, 0x00000007ec000000, 0x0000000800000000)
  eden space 442368K, 100% used [0x0000000780000000,0x000000079b000000,0x000000079b000000)
  from space 606720K, 0% used [0x00000007c6f80000,0x00000007c6f80000,0x00000007ec000000)
  to   space 663552K, 0% used [0x000000079b000000,0x000000079b000000,0x00000007c3800000)
 ParOldGen       total 4194304K, used 4194280K [0x0000000680000000, 0x0000000780000000, 0x0000000780000000)
  object space 4194304K, 99% used [0x0000000680000000,0x000000077fffa0d8,0x0000000780000000)
 PSPermGen       total 21504K, used 2942K [0x0000000675a00000, 0x0000000676f00000, 0x0000000680000000)
  object space 21504K, 13% used [0x0000000675a00000,0x0000000675cdfbd0,0x0000000676f00000)
}
Event: 2752.733 GC heap before
{Heap before GC invocations=137 (full 113):
 PSYoungGen      total 1049088K, used 442368K [0x0000000780000000, 0x00000007ec000000, 0x0000000800000000)
  eden space 442368K, 100% used [0x0000000780000000,0x000000079b000000,0x000000079b000000)
  from space 606720K, 0% used [0x00000007c6f80000,0x00000007c6f80000,0x00000007ec000000)
  to   space 663552K, 0% used [0x000000079b000000,0x000000079b000000,0x00000007c3800000)
 ParOldGen       total 4194304K, used 4194282K [0x0000000680000000, 0x0000000780000000, 0x0000000780000000)
  object space 4194304K, 99% used [0x0000000680000000,0x000000077fffa9c8,0x0000000780000000)
 PSPermGen       total 21504K, used 2942K [0x0000000675a00000, 0x0000000676f00000, 0x0000000680000000)
  object space 21504K, 13% used [0x0000000675a00000,0x0000000675cdfbd0,0x0000000676f00000)

